<?xml version="1.0" encoding="UTF-8"?>
<!-- Generated by org.testng.reporters.JUnitXMLReporter -->
<testsuite hostname="DESKTOP-AB9JGRN" ignored="0" name="Test" tests="4" failures="1" timestamp="11 Feb 2022 07:49:33 GMT" time="3.646" errors="0">
  <testcase name="deltemethodvalidation" time="1.787" classname="FunctionalTesting.APIRequestAutomation">
    <failure type="java.lang.AssertionError" message="expected [true] but found [false]">
      <![CDATA[java.lang.AssertionError: expected [true] but found [false]
at apiverification.APIVerification.responseBodyValiddation(APIVerification.java:33)
at FunctionalTesting.APIRequestAutomation.deltemethodvalidation(APIRequestAutomation.java:143)
... Removed 29 stack frames]]>
    </failure>
  </testcase> <!-- deltemethodvalidation -->
  <testcase name="getmethodvalidation" time="0.478" classname="FunctionalTesting.APIRequestAutomation"/>
  <testcase name="postmethodvalidation" time="0.52" classname="FunctionalTesting.APIRequestAutomation"/>
  <testcase name="putmethodvalidation" time="0.5" classname="FunctionalTesting.APIRequestAutomation"/>
</testsuite> <!-- Test -->
